Copyright 1986-2019 Xilinx, Inc. All Rights Reserved.
------------------------------------------------------------------------------------
| Tool Version : Vivado v.2019.2 (win64) Build 2708876 Wed Nov  6 21:40:23 MST 2019
| Date         : Thu Mar 26 15:31:39 2020
| Host         : BallooniMagic running 64-bit major release  (build 9200)
| Command      : report_control_sets -verbose -file top_control_sets_placed.rpt
| Design       : top
| Device       : xc7a100t
------------------------------------------------------------------------------------

Control Set Information

Table of Contents
-----------------
1. Summary
2. Histogram
3. Flip-Flop Distribution
4. Detailed Control Set Information

1. Summary
----------

+----------------------------------------------------------+-------+
|                          Status                          | Count |
+----------------------------------------------------------+-------+
| Total control sets                                       |    10 |
|    Minimum number of control sets                        |    10 |
|    Addition due to synthesis replication                 |     0 |
|    Addition due to physical synthesis replication        |     0 |
| Unused register locations in slices containing registers |    35 |
+----------------------------------------------------------+-------+
* Control sets can be merged at opt_design using control_set_merge or merge_equivalent_drivers
** Run report_qor_suggestions for automated merging and remapping suggestions


2. Histogram
------------

+--------------------+-------+
|       Fanout       | Count |
+--------------------+-------+
| Total control sets |    10 |
| >= 0 to < 4        |     0 |
| >= 4 to < 6        |     5 |
| >= 6 to < 8        |     1 |
| >= 8 to < 10       |     0 |
| >= 10 to < 12      |     1 |
| >= 12 to < 14      |     1 |
| >= 14 to < 16      |     0 |
| >= 16              |     2 |
+--------------------+-------+
* Control sets can be remapped at either synth_design or opt_design


3. Flip-Flop Distribution
-------------------------

+--------------+-----------------------+------------------------+-----------------+--------------+
| Clock Enable | Synchronous Set/Reset | Asynchronous Set/Reset | Total Registers | Total Slices |
+--------------+-----------------------+------------------------+-----------------+--------------+
| No           | No                    | No                     |              67 |           17 |
| No           | No                    | Yes                    |               0 |            0 |
| No           | Yes                   | No                     |               7 |            1 |
| Yes          | No                    | No                     |              39 |            7 |
| Yes          | No                    | Yes                    |               0 |            0 |
| Yes          | Yes                   | No                     |              20 |            5 |
+--------------+-----------------------+------------------------+-----------------+--------------+


4. Detailed Control Set Information
-----------------------------------

+----------------+----------------------+--------------------------+------------------+----------------+
|  Clock Signal  |     Enable Signal    |     Set/Reset Signal     | Slice Load Count | Bel Load Count |
+----------------+----------------------+--------------------------+------------------+----------------+
|  clk_IBUF_BUFG | bin2/c2_reg_n_0      | bin2/c3_reg_n_0          |                1 |              4 |
|  clk_IBUF_BUFG | bin2/d3[3]_i_1_n_0   | bin2/c3_reg_n_0          |                1 |              4 |
|  clk_IBUF_BUFG | bin2/d0[3]_i_1_n_0   | bin2/c3_reg_n_0          |                1 |              4 |
|  clk_IBUF_BUFG | bin2/d2[3]_i_1_n_0   | bin2/c3_reg_n_0          |                1 |              4 |
|  clk_IBUF_BUFG | bin2/d1[3]_i_1_n_0   | bin2/c3_reg_n_0          |                1 |              4 |
|  clk_IBUF_BUFG |                      | disp/dout_reg[5]_inv_n_0 |                1 |              7 |
|  clk_IBUF_BUFG | bin2/r[11]_i_1_n_0   |                          |                2 |             11 |
|  clk_IBUF_BUFG | rng/rand[11]_i_1_n_0 |                          |                2 |             12 |
|  clk_IBUF_BUFG | bin2/c0              |                          |                3 |             16 |
|  clk_IBUF_BUFG |                      |                          |               17 |             67 |
+----------------+----------------------+--------------------------+------------------+----------------+


